[0307/160848.509:ERROR:audio_rtp_receiver.cc(89)] AudioRtpReceiver::OnSetVolume: No audio channel exists.
[0307/160848.509:WARNING:used_ids.h(55)] Duplicate id found. Reassigning from 104 to 127
[0307/160848.509:WARNING:used_ids.h(55)] Duplicate id found. Reassigning from 102 to 125
[0307/160848.509:WARNING:used_ids.h(55)] Duplicate id found. Reassigning from 104 to 124
[0307/160848.509:WARNING:used_ids.h(55)] Duplicate id found. Reassigning from 106 to 123
[0307/160848.509:WARNING:used_ids.h(55)] Duplicate id found. Reassigning from 103 to 122
[0307/160848.509:WARNING:used_ids.h(55)] Duplicate id found. Reassigning from 105 to 121
[0307/160848.509:WARNING:used_ids.h(55)] Duplicate id found. Reassigning from 109 to 120
[0307/160848.510:WARNING:used_ids.h(55)] Duplicate id found. Reassigning from 1 to 14
[0307/160848.510:WARNING:used_ids.h(55)] Duplicate id found. Reassigning from 3 to 13
[0307/160848.510:WARNING:used_ids.h(55)] Duplicate id found. Reassigning from 5 to 12
[0307/160848.510:WARNING:used_ids.h(55)] Duplicate id found. Reassigning from 6 to 11
[0307/160935.836:ERROR:audio_rtp_receiver.cc(89)] AudioRtpReceiver::OnSetVolume: No audio channel exists.
[0307/160935.837:WARNING:used_ids.h(55)] Duplicate id found. Reassigning from 104 to 127
[0307/160935.837:WARNING:used_ids.h(55)] Duplicate id found. Reassigning from 102 to 125
[0307/160935.837:WARNING:used_ids.h(55)] Duplicate id found. Reassigning from 104 to 124
[0307/160935.837:WARNING:used_ids.h(55)] Duplicate id found. Reassigning from 106 to 123
[0307/160935.837:WARNING:used_ids.h(55)] Duplicate id found. Reassigning from 103 to 122
[0307/160935.837:WARNING:used_ids.h(55)] Duplicate id found. Reassigning from 105 to 121
[0307/160935.837:WARNING:used_ids.h(55)] Duplicate id found. Reassigning from 109 to 120
[0307/160935.837:WARNING:used_ids.h(55)] Duplicate id found. Reassigning from 1 to 14
[0307/160935.837:WARNING:used_ids.h(55)] Duplicate id found. Reassigning from 3 to 13
[0307/160935.837:WARNING:used_ids.h(55)] Duplicate id found. Reassigning from 5 to 12
[0307/160935.837:WARNING:used_ids.h(55)] Duplicate id found. Reassigning from 6 to 11
[0307/161037.880:ERROR:batching_media_log.cc(38)] MediaEvent: {"error":"FFmpegDemuxer: no supported streams"}
[0307/161037.880:ERROR:batching_media_log.cc(38)] MediaEvent: {"error":"FFmpegDemuxer: no supported streams"}
[0307/161037.880:ERROR:batching_media_log.cc(35)] MediaEvent: {"pipeline_error":14}
[0307/161037.881:ERROR:batching_media_log.cc(35)] MediaEvent: {"pipeline_error":14}
[0307/161039.213:ERROR:browser_info_manager.cc(560)] Timeout of new browser info response for frame process id 9 and routing id 5
